<?xml version="1.0" encoding="UTF-8"?>
<!-- Generated by org.testng.reporters.JUnitReportReporter -->
<testsuite skipped="0" hostname="My-Pc" name="script.TestDemo" tests="1" failures="0" timestamp="28 Sep 2018 11:42:10 GMT" time="13.036" errors="0">
  <testcase name="testA" time="13.036" classname="script.TestDemo"/>
</testsuite> <!-- script.TestDemo -->
